[2025-08-17T06:33:25.892Z] INFO: GET /api/reports/allProgramReports by 688b8c0b0b736650b7589781 from ::1
[2025-08-17T06:33:31.233Z] INFO: GET /api/reports/allProgramReports by 688b8c0b0b736650b7589781 from ::1
[2025-08-17T06:33:32.319Z] INFO: GET /api/assets/688b8c0b0b736650b7589781 by 688b8c0b0b736650b7589781 from ::1
[2025-08-17T06:33:34.876Z] INFO: GET /api/assets/688b8c0b0b736650b7589781 by 688b8c0b0b736650b7589781 from ::1
[2025-08-17T06:33:56.173Z] INFO: GET /api/assets?programId= by 688b8c0b0b736650b7589781 from ::1
[2025-08-17T06:33:56.175Z] INFO: GET /api/assets/688b8c0b0b736650b7589781 by 688b8c0b0b736650b7589781 from ::1
[2025-08-17T06:33:56.179Z] INFO: GET /api/assets?programId=68a177d475f95e03678236d7 by 688b8c0b0b736650b7589781 from ::1
[2025-08-17T06:37:22.332Z] INFO: GET /api/reports/allProgramReports by 688b8c0b0b736650b7589781 from ::1
[2025-08-17T06:37:24.132Z] INFO: GET /api/assets/688b8c0b0b736650b7589781 by 688b8c0b0b736650b7589781 from ::1
[2025-08-17T06:37:34.278Z] INFO: GET /api/assets/688b8c0b0b736650b7589781 by 688b8c0b0b736650b7589781 from ::1
[2025-08-17T06:37:34.281Z] INFO: GET /api/assets?programId= by 688b8c0b0b736650b7589781 from ::1
[2025-08-17T06:37:34.285Z] INFO: GET /api/assets?programId=68a178ae2c21f2074d934d5c by 688b8c0b0b736650b7589781 from ::1
[2025-08-17T06:37:39.561Z] INFO: GET /api/reports/allProgramReports by 688b8c0b0b736650b7589781 from ::1
[2025-08-17T06:38:36.496Z] INFO: GET /api/reports/allProgramReports by 688b8c0b0b736650b7589781 from ::1
[2025-08-17T06:38:50.713Z] INFO: GET /api/reports/allProgramReports by 688b8c0b0b736650b7589781 from ::1
[2025-08-17T06:39:10.133Z] INFO: GET /api/assets/688b8c0b0b736650b7589781 by 688b8c0b0b736650b7589781 from ::1
[2025-08-17T06:39:29.445Z] INFO: GET /api/assets?programId= by 688b8c0b0b736650b7589781 from ::1
[2025-08-17T06:39:29.448Z] INFO: GET /api/assets/688b8c0b0b736650b7589781 by 688b8c0b0b736650b7589781 from ::1
[2025-08-17T06:39:29.451Z] INFO: GET /api/assets?programId=68a1792101a5db7d9e6ebcee by 688b8c0b0b736650b7589781 from ::1
[2025-08-17T06:39:37.141Z] INFO: POST /api/assets by 688b8c0b0b736650b7589781 from ::1
[2025-08-17T06:39:38.440Z] INFO: GET /api/assets?programId=68a1792101a5db7d9e6ebcee by 688b8c0b0b736650b7589781 from ::1
[2025-08-17T06:39:44.899Z] INFO: GET /api/programs/68a1792101a5db7d9e6ebcee by 688b8c0b0b736650b7589781 from ::1
[2025-08-17T06:39:44.921Z] INFO: GET /api/assets?programId= by 688b8c0b0b736650b7589781 from ::1
[2025-08-17T06:39:44.923Z] INFO: GET /api/assets/688b8c0b0b736650b7589781 by 688b8c0b0b736650b7589781 from ::1
[2025-08-17T06:39:44.927Z] INFO: GET /api/assets?programId=68a1792101a5db7d9e6ebcee by 688b8c0b0b736650b7589781 from ::1
[2025-08-17T06:39:54.750Z] INFO: GET /api/reports/allProgramReports by 688b8c0b0b736650b7589781 from ::1
[2025-08-17T06:39:56.169Z] INFO: GET /api/assets/688b8c0b0b736650b7589781 by 688b8c0b0b736650b7589781 from ::1
[2025-08-17T06:39:57.660Z] INFO: GET /api/assets/688b8c0b0b736650b7589781 by 688b8c0b0b736650b7589781 from ::1
[2025-08-17T06:41:03.046Z] INFO: GET /api/reports/allProgramReports by 688b8c0b0b736650b7589781 from ::1
[2025-08-17T06:41:04.049Z] INFO: GET /api/assets/688b8c0b0b736650b7589781 by 688b8c0b0b736650b7589781 from ::1
[2025-08-17T06:41:27.925Z] INFO: GET /api/assets/688b8c0b0b736650b7589781 by 688b8c0b0b736650b7589781 from ::1
[2025-08-17T06:50:56.666Z] INFO: GET /api/assets/688b8c0b0b736650b7589781 by 688b8c0b0b736650b7589781 from ::1
[2025-08-17T06:51:16.297Z] INFO: GET /api/assets/688b8c0b0b736650b7589781 by 688b8c0b0b736650b7589781 from ::1
[2025-08-17T06:54:24.741Z] INFO: GET /api/reports/allProgramReports by 688b8c0b0b736650b7589781 from ::1
[2025-08-17T06:54:25.489Z] INFO: GET /api/assets/688b8c0b0b736650b7589781 by 688b8c0b0b736650b7589781 from ::1
[2025-08-17T06:54:54.708Z] INFO: GET /api/reports/allProgramReports by 688b8c0b0b736650b7589781 from ::1
[2025-08-17T06:55:06.057Z] INFO: GET /api/assets?programId= by 688b8c0b0b736650b7589781 from ::1
[2025-08-17T06:55:06.059Z] INFO: GET /api/assets/688b8c0b0b736650b7589781 by 688b8c0b0b736650b7589781 from ::1
[2025-08-17T06:55:06.063Z] INFO: GET /api/assets?programId=68a17cc901a5db7d9e6ebd2f by 688b8c0b0b736650b7589781 from ::1
[2025-08-17T06:55:54.855Z] INFO: GET /api/programs/68a17cc901a5db7d9e6ebd2f by 688b8c0b0b736650b7589781 from ::1
[2025-08-17T06:55:54.871Z] INFO: GET /api/assets?programId= by 688b8c0b0b736650b7589781 from ::1
[2025-08-17T06:55:54.872Z] INFO: GET /api/assets/688b8c0b0b736650b7589781 by 688b8c0b0b736650b7589781 from ::1
[2025-08-17T06:55:54.876Z] INFO: GET /api/assets?programId=68a17cc901a5db7d9e6ebd2f by 688b8c0b0b736650b7589781 from ::1
[2025-08-17T06:56:02.489Z] INFO: GET /api/assets/688b8c0b0b736650b7589781 by 688b8c0b0b736650b7589781 from ::1
[2025-08-17T06:56:23.809Z] INFO: GET /api/reports/allProgramReports by 688b8c0b0b736650b7589781 from ::1
[2025-08-17T06:57:09.294Z] INFO: GET /api/assets/688b8c0b0b736650b7589781 by 688b8c0b0b736650b7589781 from ::1
[2025-08-17T06:57:27.562Z] INFO: GET /api/reports/allProgramReports by 688b8c0b0b736650b7589781 from ::1
[2025-08-17T06:57:43.784Z] INFO: GET /api/assets?programId= by 688b8c0b0b736650b7589781 from ::1
[2025-08-17T06:57:43.785Z] INFO: GET /api/assets/688b8c0b0b736650b7589781 by 688b8c0b0b736650b7589781 from ::1
[2025-08-17T06:57:43.792Z] INFO: GET /api/assets?programId=68a17d6701a5db7d9e6ebd5b by 688b8c0b0b736650b7589781 from ::1
[2025-08-17T06:59:40.142Z] INFO: GET /api/programs/68a1760f7b79f3922d27948c by 688b8c0b0b736650b7589781 from ::1
[2025-08-17T06:59:40.166Z] INFO: GET /api/assets?programId= by 688b8c0b0b736650b7589781 from ::1
[2025-08-17T06:59:40.168Z] INFO: GET /api/assets/688b8c0b0b736650b7589781 by 688b8c0b0b736650b7589781 from ::1
[2025-08-17T06:59:40.170Z] INFO: GET /api/assets?programId=68a1760f7b79f3922d27948c by 688b8c0b0b736650b7589781 from ::1
[2025-08-17T07:00:14.604Z] INFO: GET /api/assets?programId= by 688b8c0b0b736650b7589781 from ::1
[2025-08-17T07:00:14.604Z] INFO: GET /api/assets/688b8c0b0b736650b7589781 by 688b8c0b0b736650b7589781 from ::1
[2025-08-17T07:00:14.612Z] INFO: GET /api/assets?programId=68a17dfe01a5db7d9e6ebd6b by 688b8c0b0b736650b7589781 from ::1
[2025-08-17T07:00:32.241Z] INFO: POST /api/assets by 688b8c0b0b736650b7589781 from ::1
[2025-08-17T07:00:33.510Z] INFO: GET /api/assets?programId=68a17dfe01a5db7d9e6ebd6b by 688b8c0b0b736650b7589781 from ::1
[2025-08-17T07:06:37.482Z] INFO: GET /api/programs/68a1760f7b79f3922d27948c by 688b8c0b0b736650b7589781 from ::1
[2025-08-17T07:06:37.523Z] INFO: GET /api/assets?programId= by 688b8c0b0b736650b7589781 from ::1
[2025-08-17T07:06:37.525Z] INFO: GET /api/assets/688b8c0b0b736650b7589781 by 688b8c0b0b736650b7589781 from ::1
[2025-08-17T07:06:37.529Z] INFO: GET /api/assets?programId=68a1760f7b79f3922d27948c by 688b8c0b0b736650b7589781 from ::1
[2025-08-17T07:06:53.830Z] INFO: GET /api/assets?programId= by 688b8c0b0b736650b7589781 from ::1
[2025-08-17T07:06:53.831Z] INFO: GET /api/assets/688b8c0b0b736650b7589781 by 688b8c0b0b736650b7589781 from ::1
[2025-08-17T07:06:53.840Z] INFO: GET /api/assets?programId=68a1760f7b79f3922d27948c by 688b8c0b0b736650b7589781 from ::1
[2025-08-17T07:07:57.220Z] INFO: GET /api/assets/688b8c0b0b736650b7589781 by 688b8c0b0b736650b7589781 from ::1
[2025-08-17T07:07:59.903Z] INFO: GET /api/assets/688b8c0b0b736650b7589781 by 688b8c0b0b736650b7589781 from ::1
[2025-08-17T07:09:05.711Z] INFO: GET /api/assets/688b8c0b0b736650b7589781 by 688b8c0b0b736650b7589781 from ::1
[2025-08-17T07:10:30.259Z] INFO: GET /api/reports/allProgramReports by 688b8c0b0b736650b7589781 from ::1
[2025-08-17T07:12:12.903Z] INFO: GET /api/reports/allProgramReports by 688b8c0b0b736650b7589781 from ::1
[2025-08-17T07:12:14.543Z] INFO: GET /api/reports/allProgramReports by 688b8c0b0b736650b7589781 from ::1
[2025-08-17T07:12:16.158Z] INFO: GET /api/reports/allProgramReports by 688b8c0b0b736650b7589781 from ::1
[2025-08-17T07:12:19.212Z] INFO: GET /api/assets/688b8c0b0b736650b7589781 by 688b8c0b0b736650b7589781 from ::1
[2025-08-17T07:12:52.058Z] INFO: PUT /api/company/updateDetails by 688b8c0b0b736650b7589781 from ::1
[2025-08-17T07:13:01.437Z] INFO: PUT /api/company/updateDetails by 688b8c0b0b736650b7589781 from ::1
[2025-08-17T07:20:28.989Z] INFO: GET /api/reports/allProgramReports by 688b8c0b0b736650b7589781 from ::1
[2025-08-17T07:20:48.994Z] INFO: PUT /api/company/updateDetails by 688b8c0b0b736650b7589781 from ::1
[2025-08-17T07:20:53.633Z] INFO: GET /api/reports/allProgramReports by 688b8c0b0b736650b7589781 from ::1
[2025-08-17T07:20:55.845Z] INFO: GET /api/reports/allProgramReports by 688b8c0b0b736650b7589781 from ::1
[2025-08-17T07:20:56.317Z] INFO: GET /api/assets/688b8c0b0b736650b7589781 by 688b8c0b0b736650b7589781 from ::1
